<?xml version="1.0" encoding="UTF-8"?>
<testng-results ignored="0" total="1" passed="1" failed="0" skipped="0">
  <reporter-output>
  </reporter-output>
  <suite started-at="2020-06-22T15:47:21 NZST" name="Default suite" finished-at="2020-06-22T15:47:25 NZST" duration-ms="4372">
    <groups>
    </groups>
    <test started-at="2020-06-22T15:47:21 NZST" name="Default test" finished-at="2020-06-22T15:47:25 NZST" duration-ms="4372">
      <class name="TestNg.POST">
        <test-method is-config="true" signature="postbody()[pri:0, instance:TestNg.POST@6ac13091]" started-at="2020-06-22T15:47:21 NZST" name="postbody" finished-at="2020-06-22T15:47:22 NZST" duration-ms="1018" status="PASS">
          <reporter-output>
          </reporter-output>
        </test-method> <!-- postbody -->
        <test-method signature="posttodo()[pri:0, instance:TestNg.POST@6ac13091]" started-at="2020-06-22T15:47:22 NZST" name="posttodo" finished-at="2020-06-22T15:47:25 NZST" duration-ms="3303" status="PASS">
          <reporter-output>
          </reporter-output>
        </test-method> <!-- posttodo -->
      </class> <!-- TestNg.POST -->
    </test> <!-- Default test -->
  </suite> <!-- Default suite -->
</testng-results>
